<?xml version="1.0" encoding="UTF-8"?>
<testng-results skipped="0" failed="0" ignored="0" total="1" passed="1">
  <reporter-output>
  </reporter-output>
  <suite name="Default suite" duration-ms="63251" started-at="2017-09-15T00:46:47Z" finished-at="2017-09-15T00:47:50Z">
    <groups>
    </groups>
    <test name="Default test" duration-ms="63251" started-at="2017-09-15T00:46:47Z" finished-at="2017-09-15T00:47:50Z">
      <class name="com.dell.Testscenario.JDW.Test1">
        <test-method status="PASS" signature="init()[pri:0, instance:com.dell.Testscenario.JDW.Test1@6cc4c815]" name="init" is-config="true" duration-ms="28" started-at="2017-09-14T13:46:47Z" finished-at="2017-09-14T13:46:47Z">
          <reporter-output>
          </reporter-output>
        </test-method> <!-- init -->
        <test-method status="PASS" signature="openBrowser()[pri:0, instance:com.dell.Testscenario.JDW.Test1@6cc4c815]" name="openBrowser" is-config="true" duration-ms="18478" started-at="2017-09-14T13:46:47Z" finished-at="2017-09-14T13:47:06Z">
          <reporter-output>
          </reporter-output>
        </test-method> <!-- openBrowser -->
        <test-method status="PASS" signature="addProductToBag()[pri:0, instance:com.dell.Testscenario.JDW.Test1@6cc4c815]" name="addProductToBag" duration-ms="44689" started-at="2017-09-14T13:47:06Z" finished-at="2017-09-14T13:47:50Z">
          <reporter-output>
          </reporter-output>
        </test-method> <!-- addProductToBag -->
        <test-method status="PASS" signature="closeBrowser(org.testng.ITestResult)[pri:0, instance:com.dell.Testscenario.JDW.Test1@6cc4c815]" name="closeBrowser" is-config="true" duration-ms="3" started-at="2017-09-14T13:47:50Z" finished-at="2017-09-14T13:47:50Z">
          <params>
            <param index="0">
              <value>
                <![CDATA[[TestResult name=addProductToBag status=SUCCESS method=Test1.addProductToBag()[pri:0, instance:com.dell.Testscenario.JDW.Test1@6cc4c815] output={null}]]]>
              </value>
            </param>
          </params>
          <reporter-output>
          </reporter-output>
        </test-method> <!-- closeBrowser -->
      </class> <!-- com.dell.Testscenario.JDW.Test1 -->
    </test> <!-- Default test -->
  </suite> <!-- Default suite -->
</testng-results>
