<?xml version="1.0" encoding="UTF-8"?>
<testng-results skipped="0" failed="0" ignored="0" total="1" passed="1">
  <reporter-output>
  </reporter-output>
  <suite name="Default suite" duration-ms="11355" started-at="2018-05-04T12:19:14Z" finished-at="2018-05-04T12:19:25Z">
    <groups>
    </groups>
    <test name="Default test" duration-ms="11355" started-at="2018-05-04T12:19:14Z" finished-at="2018-05-04T12:19:25Z">
      <class name="tests.NewTest">
        <test-method status="PASS" signature="beforeTest()[pri:0, instance:tests.NewTest@6a41eaa2]" name="beforeTest" is-config="true" duration-ms="8894" started-at="2018-05-04T12:19:14Z" finished-at="2018-05-04T12:19:23Z">
          <reporter-output>
          </reporter-output>
        </test-method> <!-- beforeTest -->
        <test-method status="PASS" signature="launchBrowserTest()[pri:0, instance:tests.NewTest@6a41eaa2]" name="launchBrowserTest" duration-ms="89" started-at="2018-05-04T12:19:23Z" finished-at="2018-05-04T12:19:23Z">
          <reporter-output>
          </reporter-output>
        </test-method> <!-- launchBrowserTest -->
        <test-method status="PASS" signature="afterTest()[pri:0, instance:tests.NewTest@6a41eaa2]" name="afterTest" is-config="true" duration-ms="2350" started-at="2018-05-04T12:19:23Z" finished-at="2018-05-04T12:19:25Z">
          <reporter-output>
          </reporter-output>
        </test-method> <!-- afterTest -->
      </class> <!-- tests.NewTest -->
    </test> <!-- Default test -->
  </suite> <!-- Default suite -->
</testng-results>
